<?xml version="1.0" encoding="utf-8"?><testsuites><testsuite errors="0" failures="0" hostname="Jurgens-iMac" name="pytest" skipped="0" tests="2" time="0.030" timestamp="2019-10-03T11:07:54.764133"><testcase classname="tests.test_basic" file="tests/test_basic.py" line="16" name="test_content" time="0.002"></testcase><testcase classname="tests.test_basic" file="tests/test_basic.py" line="21" name="test_command_line_interface" time="0.001"></testcase></testsuite></testsuites>